<testsuite failures="0" name="src/test/features/json.feature" skipped="0" tests="1" time="0.041003">
  <testcase classname="src.test.features.json" name="JSON reader parser" time="0.041003">
    <system-out>* def jsonObject = ........................................................ passed
* print jsonObject ........................................................ passed
* print jsonObject[0] ..................................................... passed
* print jsonObject[0].name ................................................ passed
* print jsonObject[1] ..................................................... passed</system-out>
  </testcase>
</testsuite>
